<?xml version="1.0" encoding="UTF-8"?>
<testng-results ignored="0" total="7" passed="7" failed="0" skipped="0">
  <reporter-output>
  </reporter-output>
  <suite started-at="2022-01-26T15:38:21 IST" name="softwaretestingmaterial" finished-at="2022-01-26T15:40:22 IST" duration-ms="120520">
    <groups>
    </groups>
    <test started-at="2022-01-26T15:38:21 IST" name="testngTest" finished-at="2022-01-26T15:40:22 IST" duration-ms="120520">
      <class name="testCases.RegisterStudent_DataProviderTest">
        <test-method is-config="true" signature="setUp()[pri:0, instance:testCases.RegisterStudent_DataProviderTest@6d4e5011]" started-at="2022-01-26T15:38:22 IST" name="setUp" finished-at="2022-01-26T15:38:38 IST" duration-ms="15798" status="PASS">
          <reporter-output>
          </reporter-output>
        </test-method> <!-- setUp -->
        <test-method signature="pageTest(java.lang.String,java.lang.String,java.lang.String,java.lang.String,java.lang.String,java.lang.String,java.lang.String)[pri:0, instance:testCases.RegisterStudent_DataProviderTest@6d4e5011]" started-at="2022-01-26T15:38:38 IST" name="pageTest" data-provider="getTestData" finished-at="2022-01-26T15:38:39 IST" duration-ms="1040" status="PASS">
          <params>
            <param index="0">
              <value>
                <![CDATA[Bans]]>
              </value>
            </param>
            <param index="1">
              <value>
                <![CDATA[Sandee]]>
              </value>
            </param>
            <param index="2">
              <value>
                <![CDATA[abc@gmail.com]]>
              </value>
            </param>
            <param index="3">
              <value>
                <![CDATA[3212342213]]>
              </value>
            </param>
            <param index="4">
              <value>
                <![CDATA[12,new street1]]>
              </value>
            </param>
            <param index="5">
              <value>
                <![CDATA[Male]]>
              </value>
            </param>
            <param index="6">
              <value>
                <![CDATA[Reading]]>
              </value>
            </param>
          </params>
          <reporter-output>
          </reporter-output>
        </test-method> <!-- pageTest -->
        <test-method is-config="true" signature="tearDown()[pri:0, instance:testCases.RegisterStudent_DataProviderTest@6d4e5011]" started-at="2022-01-26T15:38:39 IST" name="tearDown" finished-at="2022-01-26T15:38:40 IST" duration-ms="768" status="PASS">
          <reporter-output>
          </reporter-output>
        </test-method> <!-- tearDown -->
        <test-method is-config="true" signature="setUp()[pri:0, instance:testCases.RegisterStudent_DataProviderTest@6d4e5011]" started-at="2022-01-26T15:38:40 IST" name="setUp" finished-at="2022-01-26T15:38:56 IST" duration-ms="16785" status="PASS">
          <reporter-output>
          </reporter-output>
        </test-method> <!-- setUp -->
        <test-method signature="pageTest(java.lang.String,java.lang.String,java.lang.String,java.lang.String,java.lang.String,java.lang.String,java.lang.String)[pri:0, instance:testCases.RegisterStudent_DataProviderTest@6d4e5011]" started-at="2022-01-26T15:38:56 IST" name="pageTest" data-provider="getTestData" finished-at="2022-01-26T15:38:57 IST" duration-ms="1002" status="PASS">
          <params>
            <param index="0">
              <value>
                <![CDATA[Elena]]>
              </value>
            </param>
            <param index="1">
              <value>
                <![CDATA[Gilbert]]>
              </value>
            </param>
            <param index="2">
              <value>
                <![CDATA[eg@gmail.com]]>
              </value>
            </param>
            <param index="3">
              <value>
                <![CDATA[3212342214]]>
              </value>
            </param>
            <param index="4">
              <value>
                <![CDATA[13,new street]]>
              </value>
            </param>
            <param index="5">
              <value>
                <![CDATA[Female]]>
              </value>
            </param>
            <param index="6">
              <value>
                <![CDATA[Music]]>
              </value>
            </param>
          </params>
          <reporter-output>
          </reporter-output>
        </test-method> <!-- pageTest -->
        <test-method is-config="true" signature="tearDown()[pri:0, instance:testCases.RegisterStudent_DataProviderTest@6d4e5011]" started-at="2022-01-26T15:38:57 IST" name="tearDown" finished-at="2022-01-26T15:38:58 IST" duration-ms="860" status="PASS">
          <reporter-output>
          </reporter-output>
        </test-method> <!-- tearDown -->
        <test-method is-config="true" signature="setUp()[pri:0, instance:testCases.RegisterStudent_DataProviderTest@6d4e5011]" started-at="2022-01-26T15:38:58 IST" name="setUp" finished-at="2022-01-26T15:39:17 IST" duration-ms="19206" status="PASS">
          <reporter-output>
          </reporter-output>
        </test-method> <!-- setUp -->
        <test-method signature="pageTest(java.lang.String,java.lang.String,java.lang.String,java.lang.String,java.lang.String,java.lang.String,java.lang.String)[pri:0, instance:testCases.RegisterStudent_DataProviderTest@6d4e5011]" started-at="2022-01-26T15:39:17 IST" name="pageTest" data-provider="getTestData" finished-at="2022-01-26T15:39:19 IST" duration-ms="1058" status="PASS">
          <params>
            <param index="0">
              <value>
                <![CDATA[Stefen]]>
              </value>
            </param>
            <param index="1">
              <value>
                <![CDATA[Salvotore]]>
              </value>
            </param>
            <param index="2">
              <value>
                <![CDATA[ds@gmail.com]]>
              </value>
            </param>
            <param index="3">
              <value>
                <![CDATA[3212342215]]>
              </value>
            </param>
            <param index="4">
              <value>
                <![CDATA[14,new street]]>
              </value>
            </param>
            <param index="5">
              <value>
                <![CDATA[Male]]>
              </value>
            </param>
            <param index="6">
              <value>
                <![CDATA[Sports]]>
              </value>
            </param>
          </params>
          <reporter-output>
          </reporter-output>
        </test-method> <!-- pageTest -->
        <test-method is-config="true" signature="tearDown()[pri:0, instance:testCases.RegisterStudent_DataProviderTest@6d4e5011]" started-at="2022-01-26T15:39:19 IST" name="tearDown" finished-at="2022-01-26T15:39:19 IST" duration-ms="715" status="PASS">
          <reporter-output>
          </reporter-output>
        </test-method> <!-- tearDown -->
        <test-method is-config="true" signature="setUp()[pri:0, instance:testCases.RegisterStudent_DataProviderTest@6d4e5011]" started-at="2022-01-26T15:39:19 IST" name="setUp" finished-at="2022-01-26T15:39:33 IST" duration-ms="13507" status="PASS">
          <reporter-output>
          </reporter-output>
        </test-method> <!-- setUp -->
        <test-method signature="pageTest(java.lang.String,java.lang.String,java.lang.String,java.lang.String,java.lang.String,java.lang.String,java.lang.String)[pri:0, instance:testCases.RegisterStudent_DataProviderTest@6d4e5011]" started-at="2022-01-26T15:39:33 IST" name="pageTest" data-provider="getTestData" finished-at="2022-01-26T15:39:34 IST" duration-ms="858" status="PASS">
          <params>
            <param index="0">
              <value>
                <![CDATA[Damon]]>
              </value>
            </param>
            <param index="1">
              <value>
                <![CDATA[Salvotore]]>
              </value>
            </param>
            <param index="2">
              <value>
                <![CDATA[ss@gmail.com]]>
              </value>
            </param>
            <param index="3">
              <value>
                <![CDATA[3212342216]]>
              </value>
            </param>
            <param index="4">
              <value>
                <![CDATA[14,new street]]>
              </value>
            </param>
            <param index="5">
              <value>
                <![CDATA[Male]]>
              </value>
            </param>
            <param index="6">
              <value>
                <![CDATA[Sports]]>
              </value>
            </param>
          </params>
          <reporter-output>
          </reporter-output>
        </test-method> <!-- pageTest -->
        <test-method is-config="true" signature="tearDown()[pri:0, instance:testCases.RegisterStudent_DataProviderTest@6d4e5011]" started-at="2022-01-26T15:39:34 IST" name="tearDown" finished-at="2022-01-26T15:39:35 IST" duration-ms="1019" status="PASS">
          <reporter-output>
          </reporter-output>
        </test-method> <!-- tearDown -->
        <test-method is-config="true" signature="setUp()[pri:0, instance:testCases.RegisterStudent_DataProviderTest@6d4e5011]" started-at="2022-01-26T15:39:35 IST" name="setUp" finished-at="2022-01-26T15:39:50 IST" duration-ms="15688" status="PASS">
          <reporter-output>
          </reporter-output>
        </test-method> <!-- setUp -->
        <test-method signature="pageTest(java.lang.String,java.lang.String,java.lang.String,java.lang.String,java.lang.String,java.lang.String,java.lang.String)[pri:0, instance:testCases.RegisterStudent_DataProviderTest@6d4e5011]" started-at="2022-01-26T15:39:50 IST" name="pageTest" data-provider="getTestData" finished-at="2022-01-26T15:39:53 IST" duration-ms="2277" status="PASS">
          <params>
            <param index="0">
              <value>
                <![CDATA[Emiley]]>
              </value>
            </param>
            <param index="1">
              <value>
                <![CDATA[Witch]]>
              </value>
            </param>
            <param index="2">
              <value>
                <![CDATA[ew@gmail.com]]>
              </value>
            </param>
            <param index="3">
              <value>
                <![CDATA[3212342217]]>
              </value>
            </param>
            <param index="4">
              <value>
                <![CDATA[15,new street]]>
              </value>
            </param>
            <param index="5">
              <value>
                <![CDATA[Female]]>
              </value>
            </param>
            <param index="6">
              <value>
                <![CDATA[Music]]>
              </value>
            </param>
          </params>
          <reporter-output>
          </reporter-output>
        </test-method> <!-- pageTest -->
        <test-method is-config="true" signature="tearDown()[pri:0, instance:testCases.RegisterStudent_DataProviderTest@6d4e5011]" started-at="2022-01-26T15:39:53 IST" name="tearDown" finished-at="2022-01-26T15:39:54 IST" duration-ms="1430" status="PASS">
          <reporter-output>
          </reporter-output>
        </test-method> <!-- tearDown -->
        <test-method is-config="true" signature="setUp()[pri:0, instance:testCases.RegisterStudent_DataProviderTest@6d4e5011]" started-at="2022-01-26T15:39:54 IST" name="setUp" finished-at="2022-01-26T15:40:04 IST" duration-ms="9897" status="PASS">
          <reporter-output>
          </reporter-output>
        </test-method> <!-- setUp -->
        <test-method signature="pageTest(java.lang.String,java.lang.String,java.lang.String,java.lang.String,java.lang.String,java.lang.String,java.lang.String)[pri:0, instance:testCases.RegisterStudent_DataProviderTest@6d4e5011]" started-at="2022-01-26T15:40:04 IST" name="pageTest" data-provider="getTestData" finished-at="2022-01-26T15:40:09 IST" duration-ms="4660" status="PASS">
          <params>
            <param index="0">
              <value>
                <![CDATA[Matt]]>
              </value>
            </param>
            <param index="1">
              <value>
                <![CDATA[Donavos]]>
              </value>
            </param>
            <param index="2">
              <value>
                <![CDATA[mj@gmail.com]]>
              </value>
            </param>
            <param index="3">
              <value>
                <![CDATA[3212342218]]>
              </value>
            </param>
            <param index="4">
              <value>
                <![CDATA[16,new street]]>
              </value>
            </param>
            <param index="5">
              <value>
                <![CDATA[Male]]>
              </value>
            </param>
            <param index="6">
              <value>
                <![CDATA[Sports]]>
              </value>
            </param>
          </params>
          <reporter-output>
          </reporter-output>
        </test-method> <!-- pageTest -->
        <test-method is-config="true" signature="tearDown()[pri:0, instance:testCases.RegisterStudent_DataProviderTest@6d4e5011]" started-at="2022-01-26T15:40:09 IST" name="tearDown" finished-at="2022-01-26T15:40:10 IST" duration-ms="985" status="PASS">
          <reporter-output>
          </reporter-output>
        </test-method> <!-- tearDown -->
        <test-method is-config="true" signature="setUp()[pri:0, instance:testCases.RegisterStudent_DataProviderTest@6d4e5011]" started-at="2022-01-26T15:40:10 IST" name="setUp" finished-at="2022-01-26T15:40:19 IST" duration-ms="9833" status="PASS">
          <reporter-output>
          </reporter-output>
        </test-method> <!-- setUp -->
        <test-method signature="pageTest(java.lang.String,java.lang.String,java.lang.String,java.lang.String,java.lang.String,java.lang.String,java.lang.String)[pri:0, instance:testCases.RegisterStudent_DataProviderTest@6d4e5011]" started-at="2022-01-26T15:40:19 IST" name="pageTest" data-provider="getTestData" finished-at="2022-01-26T15:40:21 IST" duration-ms="1155" status="PASS">
          <params>
            <param index="0">
              <value>
                <![CDATA[Sheriff]]>
              </value>
            </param>
            <param index="1">
              <value>
                <![CDATA[Lij]]>
              </value>
            </param>
            <param index="2">
              <value>
                <![CDATA[sl@gmail.com]]>
              </value>
            </param>
            <param index="3">
              <value>
                <![CDATA[3212342219]]>
              </value>
            </param>
            <param index="4">
              <value>
                <![CDATA[17,new street]]>
              </value>
            </param>
            <param index="5">
              <value>
                <![CDATA[Female]]>
              </value>
            </param>
            <param index="6">
              <value>
                <![CDATA[Reading]]>
              </value>
            </param>
          </params>
          <reporter-output>
          </reporter-output>
        </test-method> <!-- pageTest -->
        <test-method is-config="true" signature="tearDown()[pri:0, instance:testCases.RegisterStudent_DataProviderTest@6d4e5011]" started-at="2022-01-26T15:40:21 IST" name="tearDown" finished-at="2022-01-26T15:40:22 IST" duration-ms="1039" status="PASS">
          <reporter-output>
          </reporter-output>
        </test-method> <!-- tearDown -->
      </class> <!-- testCases.RegisterStudent_DataProviderTest -->
    </test> <!-- testngTest -->
  </suite> <!-- softwaretestingmaterial -->
</testng-results>
