<?xml version="1.0" encoding="UTF-8"?>
<testng-results ignored="0" total="7" passed="7" failed="0" skipped="0">
  <reporter-output>
  </reporter-output>
  <suite started-at="2022-01-23T14:54:04 IST" name="Default suite" finished-at="2022-01-23T14:56:12 IST" duration-ms="127130">
    <groups>
    </groups>
    <test started-at="2022-01-23T14:54:04 IST" name="Default test" finished-at="2022-01-23T14:56:12 IST" duration-ms="127130">
      <class name="testCases.RegisterStudent_DataProviderTest">
        <test-method is-config="true" signature="setUp()[pri:0, instance:testCases.RegisterStudent_DataProviderTest@6d4e5011]" started-at="2022-01-23T14:54:05 IST" name="setUp" finished-at="2022-01-23T14:54:19 IST" duration-ms="13049" status="PASS">
          <reporter-output>
          </reporter-output>
        </test-method> <!-- setUp -->
        <test-method signature="pageTest(java.lang.String,java.lang.String,java.lang.String,java.lang.String,java.lang.String,java.lang.String,java.lang.String)[pri:0, instance:testCases.RegisterStudent_DataProviderTest@6d4e5011]" started-at="2022-01-23T14:54:19 IST" name="pageTest" data-provider="getTestData" finished-at="2022-01-23T14:54:20 IST" duration-ms="1371" status="PASS">
          <params>
            <param index="0">
              <value>
                <![CDATA[Bans]]>
              </value>
            </param>
            <param index="1">
              <value>
                <![CDATA[Sandee]]>
              </value>
            </param>
            <param index="2">
              <value>
                <![CDATA[abc@gmail.com]]>
              </value>
            </param>
            <param index="3">
              <value>
                <![CDATA[3212342213]]>
              </value>
            </param>
            <param index="4">
              <value>
                <![CDATA[12,new street1]]>
              </value>
            </param>
            <param index="5">
              <value>
                <![CDATA[Male]]>
              </value>
            </param>
            <param index="6">
              <value>
                <![CDATA[Reading]]>
              </value>
            </param>
          </params>
          <reporter-output>
          </reporter-output>
        </test-method> <!-- pageTest -->
        <test-method is-config="true" signature="tearDown()[pri:0, instance:testCases.RegisterStudent_DataProviderTest@6d4e5011]" started-at="2022-01-23T14:54:20 IST" name="tearDown" finished-at="2022-01-23T14:54:21 IST" duration-ms="1201" status="PASS">
          <reporter-output>
          </reporter-output>
        </test-method> <!-- tearDown -->
        <test-method is-config="true" signature="setUp()[pri:0, instance:testCases.RegisterStudent_DataProviderTest@6d4e5011]" started-at="2022-01-23T14:54:21 IST" name="setUp" finished-at="2022-01-23T14:54:32 IST" duration-ms="10940" status="PASS">
          <reporter-output>
          </reporter-output>
        </test-method> <!-- setUp -->
        <test-method signature="pageTest(java.lang.String,java.lang.String,java.lang.String,java.lang.String,java.lang.String,java.lang.String,java.lang.String)[pri:0, instance:testCases.RegisterStudent_DataProviderTest@6d4e5011]" started-at="2022-01-23T14:54:32 IST" name="pageTest" data-provider="getTestData" finished-at="2022-01-23T14:54:33 IST" duration-ms="1315" status="PASS">
          <params>
            <param index="0">
              <value>
                <![CDATA[Elena]]>
              </value>
            </param>
            <param index="1">
              <value>
                <![CDATA[Gilbert]]>
              </value>
            </param>
            <param index="2">
              <value>
                <![CDATA[eg@gmail.com]]>
              </value>
            </param>
            <param index="3">
              <value>
                <![CDATA[3212342214]]>
              </value>
            </param>
            <param index="4">
              <value>
                <![CDATA[13,new street]]>
              </value>
            </param>
            <param index="5">
              <value>
                <![CDATA[Female]]>
              </value>
            </param>
            <param index="6">
              <value>
                <![CDATA[Music]]>
              </value>
            </param>
          </params>
          <reporter-output>
          </reporter-output>
        </test-method> <!-- pageTest -->
        <test-method is-config="true" signature="tearDown()[pri:0, instance:testCases.RegisterStudent_DataProviderTest@6d4e5011]" started-at="2022-01-23T14:54:33 IST" name="tearDown" finished-at="2022-01-23T14:54:34 IST" duration-ms="1084" status="PASS">
          <reporter-output>
          </reporter-output>
        </test-method> <!-- tearDown -->
        <test-method is-config="true" signature="setUp()[pri:0, instance:testCases.RegisterStudent_DataProviderTest@6d4e5011]" started-at="2022-01-23T14:54:34 IST" name="setUp" finished-at="2022-01-23T14:54:48 IST" duration-ms="13436" status="PASS">
          <reporter-output>
          </reporter-output>
        </test-method> <!-- setUp -->
        <test-method signature="pageTest(java.lang.String,java.lang.String,java.lang.String,java.lang.String,java.lang.String,java.lang.String,java.lang.String)[pri:0, instance:testCases.RegisterStudent_DataProviderTest@6d4e5011]" started-at="2022-01-23T14:54:48 IST" name="pageTest" data-provider="getTestData" finished-at="2022-01-23T14:54:49 IST" duration-ms="1142" status="PASS">
          <params>
            <param index="0">
              <value>
                <![CDATA[Stefen]]>
              </value>
            </param>
            <param index="1">
              <value>
                <![CDATA[Salvotore]]>
              </value>
            </param>
            <param index="2">
              <value>
                <![CDATA[ds@gmail.com]]>
              </value>
            </param>
            <param index="3">
              <value>
                <![CDATA[3212342215]]>
              </value>
            </param>
            <param index="4">
              <value>
                <![CDATA[14,new street]]>
              </value>
            </param>
            <param index="5">
              <value>
                <![CDATA[Male]]>
              </value>
            </param>
            <param index="6">
              <value>
                <![CDATA[Sports]]>
              </value>
            </param>
          </params>
          <reporter-output>
          </reporter-output>
        </test-method> <!-- pageTest -->
        <test-method is-config="true" signature="tearDown()[pri:0, instance:testCases.RegisterStudent_DataProviderTest@6d4e5011]" started-at="2022-01-23T14:54:49 IST" name="tearDown" finished-at="2022-01-23T14:54:50 IST" duration-ms="959" status="PASS">
          <reporter-output>
          </reporter-output>
        </test-method> <!-- tearDown -->
        <test-method is-config="true" signature="setUp()[pri:0, instance:testCases.RegisterStudent_DataProviderTest@6d4e5011]" started-at="2022-01-23T14:54:50 IST" name="setUp" finished-at="2022-01-23T14:55:08 IST" duration-ms="17690" status="PASS">
          <reporter-output>
          </reporter-output>
        </test-method> <!-- setUp -->
        <test-method signature="pageTest(java.lang.String,java.lang.String,java.lang.String,java.lang.String,java.lang.String,java.lang.String,java.lang.String)[pri:0, instance:testCases.RegisterStudent_DataProviderTest@6d4e5011]" started-at="2022-01-23T14:55:08 IST" name="pageTest" data-provider="getTestData" finished-at="2022-01-23T14:55:09 IST" duration-ms="1137" status="PASS">
          <params>
            <param index="0">
              <value>
                <![CDATA[Damon]]>
              </value>
            </param>
            <param index="1">
              <value>
                <![CDATA[Salvotore]]>
              </value>
            </param>
            <param index="2">
              <value>
                <![CDATA[ss@gmail.com]]>
              </value>
            </param>
            <param index="3">
              <value>
                <![CDATA[3212342216]]>
              </value>
            </param>
            <param index="4">
              <value>
                <![CDATA[14,new street]]>
              </value>
            </param>
            <param index="5">
              <value>
                <![CDATA[Male]]>
              </value>
            </param>
            <param index="6">
              <value>
                <![CDATA[Sports]]>
              </value>
            </param>
          </params>
          <reporter-output>
          </reporter-output>
        </test-method> <!-- pageTest -->
        <test-method is-config="true" signature="tearDown()[pri:0, instance:testCases.RegisterStudent_DataProviderTest@6d4e5011]" started-at="2022-01-23T14:55:09 IST" name="tearDown" finished-at="2022-01-23T14:55:10 IST" duration-ms="903" status="PASS">
          <reporter-output>
          </reporter-output>
        </test-method> <!-- tearDown -->
        <test-method is-config="true" signature="setUp()[pri:0, instance:testCases.RegisterStudent_DataProviderTest@6d4e5011]" started-at="2022-01-23T14:55:10 IST" name="setUp" finished-at="2022-01-23T14:55:33 IST" duration-ms="23387" status="PASS">
          <reporter-output>
          </reporter-output>
        </test-method> <!-- setUp -->
        <test-method signature="pageTest(java.lang.String,java.lang.String,java.lang.String,java.lang.String,java.lang.String,java.lang.String,java.lang.String)[pri:0, instance:testCases.RegisterStudent_DataProviderTest@6d4e5011]" started-at="2022-01-23T14:55:33 IST" name="pageTest" data-provider="getTestData" finished-at="2022-01-23T14:55:35 IST" duration-ms="1762" status="PASS">
          <params>
            <param index="0">
              <value>
                <![CDATA[Emiley]]>
              </value>
            </param>
            <param index="1">
              <value>
                <![CDATA[Witch]]>
              </value>
            </param>
            <param index="2">
              <value>
                <![CDATA[ew@gmail.com]]>
              </value>
            </param>
            <param index="3">
              <value>
                <![CDATA[3212342217]]>
              </value>
            </param>
            <param index="4">
              <value>
                <![CDATA[15,new street]]>
              </value>
            </param>
            <param index="5">
              <value>
                <![CDATA[Female]]>
              </value>
            </param>
            <param index="6">
              <value>
                <![CDATA[Music]]>
              </value>
            </param>
          </params>
          <reporter-output>
          </reporter-output>
        </test-method> <!-- pageTest -->
        <test-method is-config="true" signature="tearDown()[pri:0, instance:testCases.RegisterStudent_DataProviderTest@6d4e5011]" started-at="2022-01-23T14:55:35 IST" name="tearDown" finished-at="2022-01-23T14:55:36 IST" duration-ms="1208" status="PASS">
          <reporter-output>
          </reporter-output>
        </test-method> <!-- tearDown -->
        <test-method is-config="true" signature="setUp()[pri:0, instance:testCases.RegisterStudent_DataProviderTest@6d4e5011]" started-at="2022-01-23T14:55:36 IST" name="setUp" finished-at="2022-01-23T14:55:51 IST" duration-ms="15287" status="PASS">
          <reporter-output>
          </reporter-output>
        </test-method> <!-- setUp -->
        <test-method signature="pageTest(java.lang.String,java.lang.String,java.lang.String,java.lang.String,java.lang.String,java.lang.String,java.lang.String)[pri:0, instance:testCases.RegisterStudent_DataProviderTest@6d4e5011]" started-at="2022-01-23T14:55:51 IST" name="pageTest" data-provider="getTestData" finished-at="2022-01-23T14:55:53 IST" duration-ms="1145" status="PASS">
          <params>
            <param index="0">
              <value>
                <![CDATA[Matt]]>
              </value>
            </param>
            <param index="1">
              <value>
                <![CDATA[Donavos]]>
              </value>
            </param>
            <param index="2">
              <value>
                <![CDATA[mj@gmail.com]]>
              </value>
            </param>
            <param index="3">
              <value>
                <![CDATA[3212342218]]>
              </value>
            </param>
            <param index="4">
              <value>
                <![CDATA[16,new street]]>
              </value>
            </param>
            <param index="5">
              <value>
                <![CDATA[Male]]>
              </value>
            </param>
            <param index="6">
              <value>
                <![CDATA[Sports]]>
              </value>
            </param>
          </params>
          <reporter-output>
          </reporter-output>
        </test-method> <!-- pageTest -->
        <test-method is-config="true" signature="tearDown()[pri:0, instance:testCases.RegisterStudent_DataProviderTest@6d4e5011]" started-at="2022-01-23T14:55:53 IST" name="tearDown" finished-at="2022-01-23T14:55:54 IST" duration-ms="1026" status="PASS">
          <reporter-output>
          </reporter-output>
        </test-method> <!-- tearDown -->
        <test-method is-config="true" signature="setUp()[pri:0, instance:testCases.RegisterStudent_DataProviderTest@6d4e5011]" started-at="2022-01-23T14:55:54 IST" name="setUp" finished-at="2022-01-23T14:56:10 IST" duration-ms="15944" status="PASS">
          <reporter-output>
          </reporter-output>
        </test-method> <!-- setUp -->
        <test-method signature="pageTest(java.lang.String,java.lang.String,java.lang.String,java.lang.String,java.lang.String,java.lang.String,java.lang.String)[pri:0, instance:testCases.RegisterStudent_DataProviderTest@6d4e5011]" started-at="2022-01-23T14:56:10 IST" name="pageTest" data-provider="getTestData" finished-at="2022-01-23T14:56:11 IST" duration-ms="1089" status="PASS">
          <params>
            <param index="0">
              <value>
                <![CDATA[Sheriff]]>
              </value>
            </param>
            <param index="1">
              <value>
                <![CDATA[Lij]]>
              </value>
            </param>
            <param index="2">
              <value>
                <![CDATA[sl@gmail.com]]>
              </value>
            </param>
            <param index="3">
              <value>
                <![CDATA[3212342219]]>
              </value>
            </param>
            <param index="4">
              <value>
                <![CDATA[17,new street]]>
              </value>
            </param>
            <param index="5">
              <value>
                <![CDATA[Female]]>
              </value>
            </param>
            <param index="6">
              <value>
                <![CDATA[Reading]]>
              </value>
            </param>
          </params>
          <reporter-output>
          </reporter-output>
        </test-method> <!-- pageTest -->
        <test-method is-config="true" signature="tearDown()[pri:0, instance:testCases.RegisterStudent_DataProviderTest@6d4e5011]" started-at="2022-01-23T14:56:11 IST" name="tearDown" finished-at="2022-01-23T14:56:12 IST" duration-ms="933" status="PASS">
          <reporter-output>
          </reporter-output>
        </test-method> <!-- tearDown -->
      </class> <!-- testCases.RegisterStudent_DataProviderTest -->
    </test> <!-- Default test -->
  </suite> <!-- Default suite -->
</testng-results>
