<?xml version="1.0" encoding="UTF-8"?>
<!-- Generated by org.testng.reporters.JUnitXMLReporter -->
<testsuite ignored="0" hostname="DESKTOP-2QDPG9I" failures="0" tests="7" name="testngTest" time="120.52" errors="0" timestamp="2022-01-26T15:40:22 IST">
  <testcase classname="testCases.RegisterStudent_DataProviderTest" name="pageTest" time="1.04"/>
  <testcase classname="testCases.RegisterStudent_DataProviderTest" name="pageTest" time="1.002"/>
  <testcase classname="testCases.RegisterStudent_DataProviderTest" name="pageTest" time="1.058"/>
  <testcase classname="testCases.RegisterStudent_DataProviderTest" name="pageTest" time="0.858"/>
  <testcase classname="testCases.RegisterStudent_DataProviderTest" name="pageTest" time="2.277"/>
  <testcase classname="testCases.RegisterStudent_DataProviderTest" name="pageTest" time="4.66"/>
  <testcase classname="testCases.RegisterStudent_DataProviderTest" name="pageTest" time="1.155"/>
</testsuite> <!-- testngTest -->
