<?xml version="1.0" encoding="UTF-8"?>
<!-- Generated by org.testng.reporters.JUnitXMLReporter -->
<testsuite ignored="0" hostname="DESKTOP-2QDPG9I" failures="0" tests="7" name="Default test" time="127.13" errors="0" timestamp="2022-01-23T14:56:12 IST">
  <testcase classname="testCases.RegisterStudent_DataProviderTest" name="pageTest" time="1.371"/>
  <testcase classname="testCases.RegisterStudent_DataProviderTest" name="pageTest" time="1.315"/>
  <testcase classname="testCases.RegisterStudent_DataProviderTest" name="pageTest" time="1.142"/>
  <testcase classname="testCases.RegisterStudent_DataProviderTest" name="pageTest" time="1.137"/>
  <testcase classname="testCases.RegisterStudent_DataProviderTest" name="pageTest" time="1.762"/>
  <testcase classname="testCases.RegisterStudent_DataProviderTest" name="pageTest" time="1.145"/>
  <testcase classname="testCases.RegisterStudent_DataProviderTest" name="pageTest" time="1.089"/>
</testsuite> <!-- Default test -->
