<?xml version="1.0" encoding="UTF-8"?>
<!-- Generated by org.testng.reporters.JUnitXMLReporter -->
<testsuite ignored="0" hostname="DESKTOP-2QDPG9I" failures="0" tests="7" name="DataDrivenPro" time="100.734" errors="0" timestamp="2022-01-26T14:29:02 IST">
  <testcase classname="testCases.RegisterStudent_DataProviderTest" name="pageTest" time="1.265"/>
  <testcase classname="testCases.RegisterStudent_DataProviderTest" name="pageTest" time="1.216"/>
  <testcase classname="testCases.RegisterStudent_DataProviderTest" name="pageTest" time="1.059"/>
  <testcase classname="testCases.RegisterStudent_DataProviderTest" name="pageTest" time="1.77"/>
  <testcase classname="testCases.RegisterStudent_DataProviderTest" name="pageTest" time="1.497"/>
  <testcase classname="testCases.RegisterStudent_DataProviderTest" name="pageTest" time="1.096"/>
  <testcase classname="testCases.RegisterStudent_DataProviderTest" name="pageTest" time="2.51"/>
</testsuite> <!-- DataDrivenPro -->
